Train Accuracy:
0.0994236022233963
0.24018949270248413
0.33650216460227966
0.5068771839141846
0.7382234334945679
0.8845479488372803
0.9367548227310181
0.9573785662651062
0.9679747223854065
0.9756810069084167
0.97947096824646
0.9843189716339111
0.9868929982185364
0.9871140718460083
0.9876351952552795

Validation Accuracy:
0.1577777862548828
0.18222223222255707
0.20888888835906982
0.19333334267139435
0.2177777886390686
0.20222222805023193
0.19555556774139404
0.20222222805023193
0.19333334267139435
0.1733333319425583
0.1666666716337204
0.20000000298023224
0.19555556774139404
0.1666666716337204
0.18666666746139526

Train Loss:
0.3185762711640549
0.045409823785504004
0.039072309285814094
0.028625354770610702
0.015260794993873833
0.007992112533146339
0.005635923076696044
0.004637426061241748
0.004254519442795672
0.003794954065049631
0.0035880350875545056
0.0032235347378691617
0.002768644764265682
0.0028164914878805163
0.0025658813834578634

Validation Loss:
0.05369336260689629
0.05185349888271756
0.049601270622677274
0.05542927530076769
0.06008813050058153
0.06985956973499723
0.07832524670494927
0.07688291284773086
0.08159029324849447
0.07771543012724982
0.09044981320699055
0.08015893565283881
0.0724538697136773
0.07118711948394775
0.07523247453901503
