Train Accuracy:
0.12633240222930908
0.23976312577724457
0.34060797095298767
0.4339834153652191
0.5125305652618408
0.5766127109527588
0.6307777166366577
0.6771259307861328
0.7253533005714417
0.7727911472320557
0.8175601959228516
0.8559494614601135
0.8866324424743652
0.9116778373718262
0.9269956350326538

Validation Accuracy:
0.1088888943195343
0.22888889908790588
0.2711111307144165
0.4377777874469757
0.40222224593162537
0.4466666877269745
0.54666668176651
0.4244444668292999
0.5911111235618591
0.5688889026641846
0.5688889026641846
0.5666666626930237
0.5711111426353455
0.5844444632530212
0.542222261428833

Train Loss:
0.05173822505738582
0.042132986180169564
0.03571373727921201
0.029731249935392612
0.025043577987875713
0.021350072010016187
0.018261749980668988
0.015596476965067276
0.012995988835565572
0.010537960577331133
0.008331199708636269
0.006479134717526005
0.005093094552523338
0.004084470338657634
0.0034551072690710925

Validation Loss:
0.06824516031477186
0.04531791978412204
0.04189800633324517
0.030169512033462523
0.032088334096802604
0.027900460362434387
0.024107085797521802
0.04099522749582926
0.021677662523256407
0.024038699600431652
0.025076006791657873
0.030008777044713497
0.02829455801182323
0.030910403413905038
0.033539622381471824
