Train Accuracy:
0.11693643778562546
0.16574811935424805
0.19851559400558472
0.2239241898059845
0.2466956079006195
0.2629925012588501
0.276825875043869
0.2915436029434204
0.30209237337112427
0.3125305771827698
0.3209632635116577
0.3293485939502716
0.33689695596694946
0.34174495935440063
0.3499881327152252
0.3538886606693268
0.3599683940410614
0.36489537358283997
0.36974337697029114
0.3730122148990631
0.37891826033592224
0.3842715919017792
0.38752466440200806
0.3915357291698456
0.39845243096351624
0.39924198389053345
0.4056691527366638
0.40881168842315674
0.4136596918106079
0.41490721702575684
0.4178760349750519
0.4225187301635742
0.42825108766555786
0.4273667335510254
0.43151992559432983
0.4329095780849457
0.4362258017063141
0.4434899091720581
0.4453059434890747
0.4483221471309662
0.44979074597358704
0.4513857066631317
0.4581286907196045
0.4587445557117462
0.45776548981666565
0.46352940797805786
0.46332409977912903
0.4681089520454407
0.4703039824962616
0.4711093306541443

Validation Accuracy:
0.11555555462837219
0.13111111521720886
0.1599999964237213
0.1733333319425583
0.10222222656011581
0.24888889491558075
0.2244444489479065
0.2644444406032562
0.20888888835906982
0.20888888835906982
0.2177777886390686
0.25333333015441895
0.30222222208976746
0.2755555510520935
0.3199999928474426
0.324444442987442
0.23777778446674347
0.3222222328186035
0.24666666984558105
0.30000001192092896
0.31111112236976624
0.3288888931274414
0.3377777934074402
0.29333335161209106
0.3288888931274414
0.36888888478279114
0.3311111330986023
0.3155555725097656
0.31111112236976624
0.3844444453716278
0.3355555534362793
0.3844444453716278
0.2199999988079071
0.3266666829586029
0.3355555534362793
0.35555556416511536
0.41111111640930176
0.3911111354827881
0.35777777433395386
0.3911111354827881
0.2911111116409302
0.3844444453716278
0.40666666626930237
0.4422222375869751
0.3799999952316284
0.40666666626930237
0.35333335399627686
0.42000001668930054
0.3911111354827881
0.3177777826786041

Train Loss:
0.05375216398980841
0.04990817503358741
0.0475981673825366
0.04571258056601469
0.04412508508220662
0.042933727069377335
0.04190312308376597
0.04095763737346832
0.040133692677012556
0.03950526779647689
0.03881895268052828
0.03830228161350616
0.03777909111703661
0.037359080965981104
0.03693880977434835
0.03654942354193987
0.03615123289261135
0.03578738095870471
0.03552798416508171
0.035197905564185804
0.0349186482017237
0.0346072478544745
0.034334758784146914
0.034042467984388904
0.03369347139916493
0.033467791335553554
0.033296533941140155
0.032978517198769694
0.03272715394599514
0.0325460501240498
0.032291932448633
0.032074778438602757
0.03188085811108975
0.031735579793367566
0.03148155554264278
0.031330102665641776
0.031166163277729576
0.03089941422175947
0.030716698456789447
0.030558051532123383
0.0304227159807346
0.030323552904607184
0.030098437956092013
0.02998425662541079
0.029827498996206014
0.02957314026671062
0.02948315121936459
0.02930976760561552
0.029255032989285088
0.029132572302835242

Validation Loss:
0.05767222457461887
0.054056785636478
0.05316687716378106
0.051520908143785266
0.07686308383941651
0.04696143600675795
0.045689100159539114
0.04690629111395942
0.05328382094701131
0.05762993600633409
0.05118365711636014
0.047747452523973256
0.042127292023764716
0.046363673739963106
0.04119482146369086
0.041464074452718096
0.055294952392578124
0.039326599174075653
0.047325168715582955
0.042173487742741905
0.04145000272326999
0.03953670024871826
0.03971502979596456
0.04369512028164334
0.040465128686692976
0.03994035138024224
0.03758478244145711
0.04046371380488078
0.0405011879073249
0.036190772189034354
0.041260325378841826
0.035969591074519684
0.10825249248080783
0.038438606129752265
0.04019066227806939
0.03797157526016235
0.03413738939497206
0.03638469139734904
0.03924902492099338
0.033210951222313774
0.04981837934917874
0.03671755909919739
0.036365267435709635
0.033358774450090195
0.03634027719497681
0.03314267343944973
0.039389567110273575
0.03372552845213148
0.03366391552819146
0.06963564925723606
