Train Accuracy:
0.14398735761642456
0.23628897964954376
0.2937544286251068
0.33271220326423645
0.3612948954105377
0.3888195753097534
0.41021713614463806
0.4336675703525543
0.45072245597839355
0.4665297865867615
0.4835056960582733
0.4983813464641571
0.5118515491485596
0.5212159156799316
0.5333912372589111
0.5432451367378235
0.550446093082428
0.5587208867073059
0.5705487132072449
0.5801184177398682
0.5887563824653625
0.5941886901855469
0.6030635237693787
0.6104855537414551
0.6156178116798401
0.626134991645813
0.6297670602798462
0.6351045966148376
0.645795464515686
0.6484010815620422
0.6556968092918396
0.6597868204116821
0.6646032333374023
0.6728779673576355
0.674788773059845
0.6821476221084595
0.6849743127822876
0.6910540461540222
0.6960284113883972
0.6997078061103821
0.7048085331916809
0.7112830281257629
0.7155625820159912
0.7198104858398438
0.7240267992019653
0.7291590571403503
0.7339755296707153
0.7362653017044067
0.7398025989532471
0.7444137334823608

Validation Accuracy:
0.17555555701255798
0.19555556774139404
0.23777778446674347
0.25333333015441895
0.30222222208976746
0.3288888931274414
0.24444444477558136
0.36666667461395264
0.41333335638046265
0.3733333349227905
0.41333335638046265
0.40444445610046387
0.35777777433395386
0.41333335638046265
0.47111111879348755
0.4422222375869751
0.4466666877269745
0.4844444692134857
0.4533333480358124
0.4977777898311615
0.47777777910232544
0.48000001907348633
0.5111111402511597
0.4333333373069763
0.54666668176651
0.542222261428833
0.47111111879348755
0.47555556893348694
0.5066666603088379
0.5222222208976746
0.4444444477558136
0.5177778005599976
0.5311111211776733
0.4888888895511627
0.5333333611488342
0.5266667008399963
0.4888888895511627
0.4911111295223236
0.495555579662323
0.5111111402511597
0.5133333206176758
0.5288888812065125
0.5155555605888367
0.5088889002799988
0.5133333206176758
0.5311111211776733
0.5333333611488342
0.5600000023841858
0.5244444608688354
0.5177778005599976

Train Loss:
0.05135702944912555
0.04430122926307675
0.040072577887262886
0.037460109446766914
0.03540862878602905
0.033697878701668973
0.03220101129665141
0.030881592381202888
0.02977323050184585
0.02867893570456823
0.027704458596251768
0.026877150439576013
0.026121646312212126
0.025402385285848504
0.024661686919303077
0.02409701925090213
0.02354420768663999
0.023027280880159602
0.022465616072584318
0.021951467109865414
0.021470589402443892
0.021103965299570933
0.020641150399248354
0.020198013022912617
0.01979762830990273
0.019354732376381762
0.019057151371435925
0.01871351423538395
0.01829857582166832
0.01801784745234065
0.017583201183804024
0.017350144531243977
0.01703616319227915
0.016676563983183814
0.016335031660564134
0.016068302617447676
0.01580772658463669
0.015516253250933804
0.015278282587207263
0.01500026715399482
0.014702455133399708
0.014427506274683788
0.014148946822607325
0.013998243078336478
0.013679664397117323
0.013456597326303535
0.013210197465484715
0.012980983217290585
0.012796287205771783
0.0125399279076734

Validation Loss:
0.051126177046034074
0.061962270206875274
0.05791072898440891
0.045607723130120174
0.04286837418874105
0.037875679863823786
0.05623001999325222
0.037101808786392215
0.0337647451294793
0.04396835141711765
0.03253126727210151
0.035727130307091605
0.040431605445014104
0.03780479537116157
0.030206916994518704
0.03249860127766927
0.032503970596525406
0.028509859641393024
0.030369336936208937
0.0286519984404246
0.028717143800523547
0.02693739761908849
0.027657935089535183
0.035815062257978654
0.02475902557373047
0.026209570036994086
0.028188300596343148
0.03114707416958279
0.027397289872169495
0.02348912603325314
0.0331782979104254
0.02620318975713518
0.026607636817627484
0.027188941174083287
0.025814877880944147
0.025549305023418532
0.029444992542266846
0.027182531886630588
0.030762402282820806
0.0284008545262946
0.030057576994101207
0.027362091392278673
0.027371495697233413
0.02712265537844764
0.025723081305623053
0.026232816295491325
0.02506260842912727
0.027670001387596132
0.027348003453678556
0.026544000754753747
