Train Accuracy:
0.06946703046560287
0.10807737708091736
0.13732333481311798
0.15742596983909607
0.17391234636306763
0.1863403022289276
0.19704698026180267
0.20606395602226257
0.21334385871887207
0.22046583890914917
0.22967231273651123
0.23671534657478333
0.24367941915988922
0.24901697039604187
0.2550809383392334
0.258191853761673
0.264240026473999
0.2690880298614502
0.2744571566581726
0.27807343006134033
0.28337937593460083
0.286095529794693
0.2896328270435333
0.293280690908432
0.29918673634529114

Validation Accuracy:
0.06888888776302338
0.10222222656011581
0.05111111328005791
0.14444445073604584
0.1111111119389534
0.09777778387069702
0.20000000298023224
0.1711111217737198
0.1599999964237213
0.21111111342906952
0.18888889253139496
0.1599999964237213
0.10222222656011581
0.2622222304344177
0.20000000298023224
0.18888889253139496
0.24888889491558075
0.18444444239139557
0.2888889014720917
0.25555557012557983
0.29333335161209106
0.2133333384990692
0.1666666716337204
0.2822222411632538
0.25333333015441895

Train Loss:
0.056927278950145675
0.05348208200776243
0.05108182193637129
0.04946651721537184
0.048150315286611504
0.04716270339098364
0.0462459477802251
0.04551060169805805
0.044909603677622374
0.04435583124789522
0.04378616443322291
0.04329112177915456
0.04274988786627359
0.042314566914573096
0.041964765451569075
0.04152283428687613
0.041149685133411815
0.04077003751213354
0.04041597258654028
0.04020357008842532
0.03981546843611954
0.039531159129859994
0.03920771349008216
0.038942429564755
0.03865031696241268

Validation Loss:
0.06380450831519233
0.060314557287428114
0.06907988124423557
0.05388501167297363
0.054184605148103505
0.060753408008151585
0.0500291379292806
0.05071443796157837
0.05269433604346381
0.0478146939807468
0.052554966608683265
0.05369428502188789
0.08678378370073106
0.04621348328060574
0.05322170363532172
0.053936192724439835
0.04544105609258016
0.05334606965382894
0.0408927665816413
0.043733571900261774
0.044493730862935385
0.04799857166078356
0.06986635526021322
0.04410631842083401
0.045387646357218425
